========== 07.09.2018 16:21:37 ==========  omonitor.exe 1.11.2.1867()
07.09.2018 16:21:37 | Hint: Соединение с сервером
========== 07.09.2018 16:23:07 ==========  omonitor.exe 1.11.2.1867()
07.09.2018 16:23:07 | Error: OClient: LAN_ERROR 00000000
07.09.2018 16:23:07 | Error: OClient: LAN_ERROR 00000000
07.09.2018 16:23:07 | Warning: Разрыв связи
07.09.2018 16:23:17 | Error: OClient: LAN_ERROR 00000000
07.09.2018 16:23:17 | Warning: Разрыв связи
07.09.2018 16:23:17 | Error: OClient: LAN_ERROR 00000000
07.09.2018 16:23:17 | Warning: Разрыв связи
07.09.2018 16:23:27 | Hint: Соединение с сервером
07.09.2018 20:04:59 | Error: OClient: LAN_ERROR 00000000
07.09.2018 20:04:59 | Warning: Разрыв связи
10.09.2018 9:21:50 | Error: Ошибка приложения: Cannot make a visible window modal
========== 10.09.2018 11:11:29 ==========  omonitor.exe 1.11.2.1867()
10.09.2018 11:11:29 | Hint: Соединение с сервером
10.09.2018 11:12:12 | Error: OClient: LAN_ERROR 00000000
10.09.2018 11:12:12 | Warning: Разрыв связи
========== 12.09.2018 9:04:05 ==========  omonitor.exe 1.11.2.1867()
12.09.2018 9:04:05 | Hint: Соединение с сервером
12.09.2018 9:04:24 | Error: OClient: LAN_ERROR 00000000
12.09.2018 9:04:24 | Warning: Разрыв связи
========== 12.09.2018 10:11:13 ==========  omonitor.exe 1.11.2.1867()
12.09.2018 10:11:13 | Hint: Соединение с сервером
12.09.2018 10:12:08 | Error: OClient: Прерванный вызов функции
12.09.2018 10:12:08 | Warning: Разрыв связи
========== 12.09.2018 10:12:16 ==========  omonitor.exe 1.11.2.1867()
12.09.2018 10:12:16 | Hint: Соединение с сервером
12.09.2018 10:29:11 | Error: OClient: LAN_ERROR 00000000
12.09.2018 10:29:11 | Warning: Разрыв связи
========== 12.09.2018 10:29:56 ==========  omonitor.exe 1.11.2.1867()
12.09.2018 10:29:56 | Hint: Соединение с сервером
12.09.2018 10:30:08 | Error: OClient: LAN_ERROR 00000000
12.09.2018 10:30:08 | Warning: Разрыв связи
========== 12.09.2018 10:30:45 ==========  omonitor.exe 1.11.2.1867()
12.09.2018 10:30:45 | Hint: Соединение с сервером
12.09.2018 10:31:15 | Error: OClient: Прерванный вызов функции
12.09.2018 10:31:15 | Warning: Разрыв связи
========== 12.09.2018 10:31:18 ==========  omonitor.exe 1.11.2.1867()
12.09.2018 10:31:18 | Hint: Соединение с сервером
12.09.2018 10:31:44 | Error: OClient: Прерванный вызов функции
12.09.2018 10:31:44 | Warning: Разрыв связи
========== 25.10.2018 13:55:40 ==========  omonitor.exe 1.11.2.1867()
25.10.2018 13:55:40 | Hint: Соединение с сервером
25.10.2018 14:01:54 | Error: OClient: Прерванный вызов функции
25.10.2018 14:01:54 | Warning: Разрыв связи
========== 25.10.2018 14:02:19 ==========  omonitor.exe 1.11.2.1867()
25.10.2018 14:02:19 | Hint: Соединение с сервером
25.10.2018 14:11:01 | Error: OClient: LAN_ERROR 00000000
25.10.2018 14:11:01 | Warning: Разрыв связи
========== 25.10.2018 14:11:05 ==========  omonitor.exe 1.11.2.1867()
25.10.2018 14:11:05 | Hint: Соединение с сервером
25.10.2018 14:11:34 | Error: OClient: LAN_ERROR 00000000
25.10.2018 14:11:34 | Warning: Разрыв связи
========== 25.10.2018 14:23:07 ==========  omonitor.exe 1.11.2.1867()
25.10.2018 14:23:07 | Hint: Соединение с сервером
25.10.2018 15:34:20 | Error: OClient: Прерванный вызов функции
25.10.2018 15:34:20 | Warning: Разрыв связи
========== 25.10.2018 15:38:08 ==========  omonitor.exe 1.11.2.1867()
25.10.2018 15:38:08 | Hint: Соединение с сервером
25.10.2018 15:39:53 | Error: OClient: Прерванный вызов функции
25.10.2018 15:39:53 | Warning: Разрыв связи
========== 25.10.2018 15:40:52 ==========  omonitor.exe 1.11.2.1867()
25.10.2018 15:40:52 | Hint: Соединение с сервером
25.10.2018 15:41:28 | Error: OClient: LAN_ERROR 00000000
25.10.2018 15:41:28 | Warning: Разрыв связи
========== 25.10.2018 15:44:02 ==========  omonitor.exe 1.11.2.1867()
25.10.2018 15:44:02 | Hint: Соединение с сервером
25.10.2018 15:49:36 | Error: OClient: LAN_ERROR 00000000
25.10.2018 15:49:36 | Warning: Разрыв связи
========== 26.10.2018 15:13:11 ==========  omonitor.exe 1.11.2.1867()
26.10.2018 15:13:11 | Hint: Соединение с сервером
26.10.2018 15:13:21 | Error: OClient: Прерванный вызов функции
26.10.2018 15:13:21 | Warning: Разрыв связи
========== 26.10.2018 16:46:15 ==========  omonitor.exe 1.11.2.1867()
26.10.2018 16:46:15 | Hint: Соединение с сервером
26.10.2018 16:49:05 | Error: OClient: Прерванный вызов функции
26.10.2018 16:49:05 | Warning: Разрыв связи
========== 26.10.2018 16:49:42 ==========  omonitor.exe 1.11.2.1867()
26.10.2018 16:49:42 | Hint: Соединение с сервером
26.10.2018 20:45:37 | Error: OClient: LAN_ERROR 00000000
26.10.2018 20:45:37 | Warning: Разрыв связи
