========== 07.09.2018 16:07:34 ==========  Shell.exe 1.11.2.974()
07.09.2018 16:07:34 | Hint: Соединение с сервером
07.09.2018 16:07:34 | Error: Ошибка 12142.
07.09.2018 16:18:47 | Error: Ошибка передачи по сети: Прерванный вызов функции
07.09.2018 16:18:47 | Warning: Разрыв связи
========== 07.09.2018 16:18:56 ==========  Shell.exe 1.11.2.974()
07.09.2018 16:18:56 | Hint: Соединение с сервером
07.09.2018 16:18:56 | Error: Ошибка 12142.
07.09.2018 20:04:59 | Error: Ошибка передачи по сети: LAN_ERROR 00000000
07.09.2018 20:04:59 | Warning: Разрыв связи
10.09.2018 10:27:37 | Hint: Соединение с сервером
10.09.2018 10:27:40 | Error: Ошибка 12142.
10.09.2018 14:27:34 | Error: Ошибка передачи по сети: LAN_ERROR 00000000
10.09.2018 14:27:34 | Warning: Разрыв связи
========== 12.09.2018 8:59:20 ==========  Shell.exe 1.11.2.974()
12.09.2018 8:59:20 | Hint: Соединение с сервером
12.09.2018 8:59:20 | Error: Ошибка 12142.
12.09.2018 10:10:13 | Error: Ошибка передачи по сети: Прерванный вызов функции
12.09.2018 10:10:13 | Warning: Разрыв связи
========== 12.09.2018 10:10:27 ==========  Shell.exe 1.11.2.974()
12.09.2018 10:10:27 | Hint: Соединение с сервером
12.09.2018 10:10:27 | Error: Ошибка 12142.
12.09.2018 10:10:55 | Error: Ошибка передачи по сети: LAN_ERROR 00000000
12.09.2018 10:10:55 | Warning: Разрыв связи
12.09.2018 10:11:21 | Hint: Соединение с сервером
12.09.2018 10:11:22 | Error: Ошибка 12142.
12.09.2018 10:29:01 | Error: Ошибка передачи по сети: Прерванный вызов функции
12.09.2018 10:29:01 | Warning: Разрыв связи
========== 12.09.2018 10:29:51 ==========  Shell.exe 1.11.2.974()
12.09.2018 10:29:51 | Hint: Соединение с сервером
12.09.2018 10:29:52 | Error: Ошибка 12142.
12.09.2018 10:30:03 | Error: Ошибка передачи по сети: Прерванный вызов функции
12.09.2018 10:30:03 | Warning: Разрыв связи
========== 12.09.2018 10:30:37 ==========  Shell.exe 1.11.2.974()
12.09.2018 10:30:37 | Hint: Соединение с сервером
12.09.2018 10:30:37 | Error: Ошибка 12142.
12.09.2018 11:39:19 | Error: Ошибка передачи по сети: LAN_ERROR 00000000
12.09.2018 11:39:19 | Warning: Разрыв связи
========== 14.09.2018 13:49:54 ==========  Shell.exe 1.11.2.974()
14.09.2018 13:49:54 | Hint: Соединение с сервером
14.09.2018 13:49:54 | Error: Ошибка 12142.
14.09.2018 17:49:53 | Error: Ошибка передачи по сети: LAN_ERROR 00000000
14.09.2018 17:49:53 | Warning: Разрыв связи
17.09.2018 13:17:59 | Hint: Соединение с сервером
17.09.2018 13:18:19 | Error: Ошибка 12142.
17.09.2018 16:48:40 | Error: Ошибка передачи по сети: LAN_ERROR 00000000
17.09.2018 16:48:40 | Warning: Разрыв связи
========== 21.09.2018 11:48:25 ==========  Shell.exe 1.11.2.974()
21.09.2018 11:48:25 | Hint: Соединение с сервером
21.09.2018 11:48:26 | Error: Ошибка 12142.
21.09.2018 15:48:28 | Error: Ошибка передачи по сети: LAN_ERROR 00000000
21.09.2018 15:48:28 | Warning: Разрыв связи
========== 25.10.2018 13:48:54 ==========  Shell.exe 1.11.2.974()
25.10.2018 13:48:54 | Hint: Соединение с сервером
25.10.2018 13:49:14 | Error: Ошибка 12142.
25.10.2018 14:05:16 | Error: Ошибка 12142.
25.10.2018 14:05:20 | Error: Ошибка 12142.
25.10.2018 14:09:39 | Error: Ошибка 12142.
25.10.2018 14:13:09 | Error: Ошибка передачи по сети: LAN_ERROR 00000000
25.10.2018 14:13:09 | Warning: Разрыв связи
25.10.2018 14:13:34 | Hint: Соединение с сервером
25.10.2018 14:13:34 | Error: Ошибка 12142.
25.10.2018 14:19:26 | Error: Ошибка передачи по сети: LAN_ERROR 00000000
25.10.2018 14:19:26 | Warning: Разрыв связи
25.10.2018 14:22:28 | Hint: Соединение с сервером
25.10.2018 14:22:29 | Error: Ошибка 12142.
25.10.2018 15:43:00 | Error: Ошибка 12142.
25.10.2018 15:53:50 | Error: Ошибка передачи по сети: LAN_ERROR 00000000
25.10.2018 15:53:50 | Warning: Разрыв связи
25.10.2018 16:47:02 | Hint: Соединение с сервером
25.10.2018 16:47:22 | Error: Ошибка 12142.
25.10.2018 16:48:09 | Error: Ошибка передачи по сети: LAN_ERROR 00000000
25.10.2018 16:48:09 | Warning: Разрыв связи
========== 25.10.2018 16:54:04 ==========  Shell.exe 1.11.2.974()
25.10.2018 16:54:04 | Hint: Соединение с сервером
25.10.2018 16:54:04 | Error: Ошибка 12142.
25.10.2018 20:53:24 | Error: Ошибка передачи по сети: LAN_ERROR 00000000
25.10.2018 20:53:24 | Warning: Разрыв связи
========== 26.10.2018 11:35:47 ==========  Shell.exe 1.11.2.974()
26.10.2018 11:35:47 | Hint: Соединение с сервером
26.10.2018 11:36:29 | Error: Ошибка передачи по сети: Прерванный вызов функции
26.10.2018 11:36:29 | Error: Ошибка передачи по сети: Соединение закрыто по таймауту
26.10.2018 11:36:29 | Warning: Разрыв связи
26.10.2018 11:36:29 | Hint: Соединение с сервером
26.10.2018 11:36:30 | Error: Ошибка 12142.
26.10.2018 11:39:04 | Error: Ошибка передачи по сети: Прерванный вызов функции
26.10.2018 11:39:04 | Warning: Разрыв связи
========== 26.10.2018 14:45:13 ==========  Shell.exe 1.11.2.974()
26.10.2018 14:45:13 | Hint: Соединение с сервером
26.10.2018 14:45:13 | Error: Ошибка 12142.
26.10.2018 14:52:26 | Error: Ошибка 12142.
26.10.2018 15:50:12 | Error: Ошибка передачи по сети: LAN_ERROR 00000000
26.10.2018 15:50:12 | Warning: Разрыв связи
========== 26.10.2018 16:45:40 ==========  Shell.exe 1.11.2.974()
26.10.2018 16:45:40 | Hint: Соединение с сервером
26.10.2018 16:45:40 | Error: Ошибка 12142.
26.10.2018 17:06:12 | Error: Ошибка передачи по сети: Прерванный вызов функции
26.10.2018 17:06:12 | Warning: Разрыв связи
30.10.2018 20:40:28 | Error: Ошибка передачи по сети: LAN_ERROR 00000000
30.10.2018 20:40:28 | Warning: Разрыв связи
========== 31.10.2018 13:47:24 ==========  Shell.exe 1.11.2.974()
31.10.2018 13:47:24 | Hint: Соединение с сервером
31.10.2018 13:47:25 | Error: Ошибка 12142.
31.10.2018 17:47:16 | Error: Ошибка передачи по сети: LAN_ERROR 00000000
31.10.2018 17:47:16 | Warning: Разрыв связи
